[2023-01-20T13:29:04.603346+01:00] cafe.DEBUG: test log Action_Par_Defaut Cas_Par_Defaut [] {"IP":"::1"}
[2023-01-20T13:47:23.622325+01:00] cafe.DEBUG: test log Se connecter Cas_Par_Defaut [] {"IP":"::1"}
[2023-01-20T13:47:23.723848+01:00] cafe.DEBUG: Log Se connecter  [] {"IP":"::1"}
[2023-01-20T13:47:27.621620+01:00] cafe.DEBUG: Action_Par_Defaut Gerer_Panier [] {"IP":"::1"}
[2023-01-20T13:47:29.349214+01:00] cafe.DEBUG: diminuerQTT Gerer_Panier [] {"IP":"::1"}
[2023-01-20T13:47:30.066428+01:00] cafe.DEBUG: diminuerQTT Gerer_Panier [] {"IP":"::1"}
[2023-01-20T13:47:30.482645+01:00] cafe.DEBUG: diminuerQTT Gerer_Panier [] {"IP":"::1"}
[2023-01-20T13:47:30.873106+01:00] cafe.DEBUG: test log diminuerQTT Gerer_Panier [] {"IP":"::1"}
[2023-01-20T13:47:37.350958+01:00] cafe.DEBUG: test log Se connecter Cas_Par_Defaut [] {"IP":"::1"}
[2023-01-20T13:47:37.441073+01:00] cafe.DEBUG: Log Se connecter  [] {"IP":"::1"}
[2023-01-20T13:47:39.109820+01:00] cafe.DEBUG: Action_Par_Defaut Gerer_Panier [] {"IP":"::1"}
[2023-01-20T13:47:42.401826+01:00] cafe.DEBUG: diminuerQTT Gerer_Panier [] {"IP":"::1"}
[2023-01-20T13:47:51.675882+01:00] cafe.DEBUG: test log Se connecter Cas_Par_Defaut [] {"IP":"::1"}
[2023-01-20T13:47:51.781519+01:00] cafe.DEBUG: Log Se connecter  [] {"IP":"::1"}
[2023-01-20T13:48:00.907021+01:00] cafe.DEBUG: Log AjoutPanierClient  [] {"IP":"::1"}
[2023-01-20T13:48:02.974045+01:00] cafe.DEBUG: Action_Par_Defaut Gerer_Panier [] {"IP":"::1"}
[2023-01-20T13:48:04.439972+01:00] cafe.DEBUG: augmenterQTT Gerer_Panier [] {"IP":"::1"}
[2023-01-20T13:48:07.781178+01:00] cafe.DEBUG: augmenterQTT Gerer_Panier [] {"IP":"::1"}
[2023-01-20T13:48:08.915692+01:00] cafe.DEBUG: Action_Par_Defaut Gerer_Panier [] {"IP":"::1"}
[2023-01-20T13:48:17.500882+01:00] cafe.DEBUG: test log Se connecter Cas_Par_Defaut [] {"IP":"::1"}
[2023-01-20T13:48:17.610509+01:00] cafe.DEBUG: Log Se connecter  [] {"IP":"::1"}
[2023-01-20T13:48:20.451198+01:00] cafe.DEBUG: test log Action_Par_Defaut Gerer_MonCompte_Salarie [] {"IP":"::1"}
[2023-01-20T13:50:54.029973+01:00] cafe.DEBUG: test log Se connecter Cas_Par_Defaut [] {"IP":"::1"}
[2023-01-20T13:50:54.102932+01:00] cafe.DEBUG: Log Se connecter  [] {"IP":"::1"}
[2023-01-20T13:50:59.764185+01:00] cafe.DEBUG: test log Action_Par_Defaut Gerer_MonCompte_Salarie [] {"IP":"::1"}
[2023-01-20T13:52:49.448384+01:00] cafe.DEBUG: test log Se connecter Cas_Par_Defaut [] {"IP":"::1"}
[2023-01-20T13:52:49.527036+01:00] cafe.DEBUG: Log Se connecter  [] {"IP":"::1"}
[2023-01-20T13:52:51.901721+01:00] cafe.DEBUG: test log Action_Par_Defaut Gerer_MonCompte_Salarie [] {"IP":"::1"}
[2023-01-20T13:52:53.185506+01:00] cafe.DEBUG: test log RGPD Gerer_MonCompte_Salarie [] {"IP":"::1"}
[2023-01-20T13:59:55.274108+01:00] cafe.DEBUG: test log Se connecter Cas_Par_Defaut [] {"IP":"::1"}
[2023-01-20T13:59:55.350517+01:00] cafe.DEBUG: Log Se connecter  [] {"IP":"::1"}
[2023-01-20T13:59:57.492543+01:00] cafe.DEBUG: test log Action_Par_Defaut Gerer_MonCompte_Salarie [] {"IP":"::1"}
[2023-01-20T13:59:59.604159+01:00] cafe.DEBUG: test log RGPD Gerer_MonCompte_Salarie [] {"IP":"::1"}
[2023-01-20T14:04:04.146219+01:00] cafe.DEBUG: test log RGPD Gerer_MonCompte_Salarie [] {"IP":"::1"}
[2023-01-20T14:04:11.388281+01:00] cafe.DEBUG: test log Se connecter Cas_Par_Defaut [] {"IP":"::1"}
[2023-01-20T14:04:11.462174+01:00] cafe.DEBUG: test log Se connecter Cas_Par_Defaut [] {"IP":"::1"}
[2023-01-20T14:04:15.763025+01:00] cafe.DEBUG: test log AccepterRGPD RGPD [] {"IP":"::1"}
[2023-01-20T14:04:17.528507+01:00] cafe.DEBUG: test log Action_Par_Defaut Gerer_MonCompte_Salarie [] {"IP":"::1"}
[2023-01-20T14:04:18.785893+01:00] cafe.DEBUG: test log RGPD Gerer_MonCompte_Salarie [] {"IP":"::1"}
